{"/home/izkeas/Projects/web/web-generator/lib/generator/src/Character.ts": {"path":"/home/izkeas/Projects/web/web-generator/lib/generator/src/Character.ts","statementMap":{"0":{"start":{"line":2,"column":0},"end":{"line":2,"column":46}},"1":{"start":{"line":5,"column":0},"end":{"line":5,"column":61}},"2":{"start":{"line":6,"column":0},"end":{"line":6,"column":44}},"3":{"start":{"line":55,"column":17},"end":{"line":55,"column":30}},"4":{"start":{"line":57,"column":4},"end":{"line":71,"column":null}},"5":{"start":{"line":58,"column":6},"end":{"line":68,"column":null}},"6":{"start":{"line":59,"column":8},"end":{"line":61,"column":null}},"7":{"start":{"line":60,"column":10},"end":{"line":60,"column":17}},"8":{"start":{"line":63,"column":8},"end":{"line":65,"column":null}},"9":{"start":{"line":64,"column":12},"end":{"line":64,"column":19}},"10":{"start":{"line":67,"column":8},"end":{"line":67,"column":24}},"11":{"start":{"line":69,"column":6},"end":{"line":69,"column":19}},"12":{"start":{"line":54,"column":0},"end":{"line":54,"column":16}},"13":{"start":{"line":82,"column":8},"end":{"line":85,"column":null}},"14":{"start":{"line":87,"column":8},"end":{"line":89,"column":null}},"15":{"start":{"line":88,"column":12},"end":{"line":88,"column":41}},"16":{"start":{"line":93,"column":8},"end":{"line":93,"column":27}},"17":{"start":{"line":97,"column":25},"end":{"line":97,"column":45}},"18":{"start":{"line":98,"column":29},"end":{"line":98,"column":53}},"19":{"start":{"line":99,"column":24},"end":{"line":99,"column":43}},"20":{"start":{"line":100,"column":27},"end":{"line":100,"column":52}},"21":{"start":{"line":101,"column":25},"end":{"line":101,"column":45}},"22":{"start":{"line":102,"column":27},"end":{"line":102,"column":44}},"23":{"start":{"line":103,"column":26},"end":{"line":103,"column":47}},"24":{"start":{"line":105,"column":8},"end":{"line":173,"column":null}},"25":{"start":{"line":109,"column":30},"end":{"line":109,"column":54}},"26":{"start":{"line":111,"column":12},"end":{"line":116,"column":null}},"27":{"start":{"line":112,"column":16},"end":{"line":115,"column":18}},"28":{"start":{"line":118,"column":30},"end":{"line":118,"column":48}},"29":{"start":{"line":119,"column":12},"end":{"line":124,"column":null}},"30":{"start":{"line":120,"column":16},"end":{"line":123,"column":18}},"31":{"start":{"line":126,"column":12},"end":{"line":137,"column":null}},"32":{"start":{"line":127,"column":16},"end":{"line":127,"column":43}},"33":{"start":{"line":129,"column":34},"end":{"line":129,"column":51}},"34":{"start":{"line":130,"column":33},"end":{"line":130,"column":67}},"35":{"start":{"line":132,"column":16},"end":{"line":136,"column":null}},"36":{"start":{"line":139,"column":12},"end":{"line":172,"column":null}},"37":{"start":{"line":141,"column":16},"end":{"line":170,"column":null}},"38":{"start":{"line":142,"column":20},"end":{"line":156,"column":null}},"39":{"start":{"line":147,"column":24},"end":{"line":147,"column":null}},"40":{"start":{"line":148,"column":42},"end":{"line":148,"column":59}},"41":{"start":{"line":149,"column":41},"end":{"line":149,"column":75}},"42":{"start":{"line":151,"column":24},"end":{"line":155,"column":26}},"43":{"start":{"line":160,"column":20},"end":{"line":160,"column":41}},"44":{"start":{"line":162,"column":38},"end":{"line":162,"column":55}},"45":{"start":{"line":163,"column":37},"end":{"line":163,"column":71}},"46":{"start":{"line":165,"column":20},"end":{"line":169,"column":22}},"47":{"start":{"line":175,"column":8},"end":{"line":185,"column":null}},"48":{"start":{"line":176,"column":12},"end":{"line":176,"column":28}},"49":{"start":{"line":177,"column":30},"end":{"line":177,"column":47}},"50":{"start":{"line":178,"column":29},"end":{"line":178,"column":63}},"51":{"start":{"line":180,"column":12},"end":{"line":184,"column":null}},"52":{"start":{"line":189,"column":8},"end":{"line":192,"column":null}},"53":{"start":{"line":196,"column":8},"end":{"line":196,"column":44}},"54":{"start":{"line":197,"column":36},"end":{"line":197,"column":61}},"55":{"start":{"line":198,"column":36},"end":{"line":198,"column":61}},"56":{"start":{"line":200,"column":8},"end":{"line":218,"column":null}},"57":{"start":{"line":202,"column":34},"end":{"line":202,"column":71}},"58":{"start":{"line":204,"column":12},"end":{"line":204,"column":55}},"59":{"start":{"line":206,"column":34},"end":{"line":206,"column":71}},"60":{"start":{"line":209,"column":12},"end":{"line":217,"column":null}},"61":{"start":{"line":210,"column":33},"end":{"line":210,"column":59}},"62":{"start":{"line":212,"column":32},"end":{"line":212,"column":69}},"63":{"start":{"line":214,"column":16},"end":{"line":216,"column":null}},"64":{"start":{"line":215,"column":20},"end":{"line":215,"column":57}},"65":{"start":{"line":222,"column":32},"end":{"line":222,"column":57}},"66":{"start":{"line":224,"column":8},"end":{"line":232,"column":null}},"67":{"start":{"line":225,"column":30},"end":{"line":225,"column":59}},"68":{"start":{"line":228,"column":12},"end":{"line":231,"column":null}},"69":{"start":{"line":229,"column":34},"end":{"line":229,"column":52}},"70":{"start":{"line":230,"column":16},"end":{"line":230,"column":37}},"71":{"start":{"line":237,"column":8},"end":{"line":246,"column":null}},"72":{"start":{"line":238,"column":12},"end":{"line":240,"column":null}},"73":{"start":{"line":243,"column":12},"end":{"line":245,"column":14}},"74":{"start":{"line":250,"column":8},"end":{"line":250,"column":68}},"75":{"start":{"line":76,"column":0},"end":{"line":76,"column":21}}},"fnMap":{"0":{"name":"jsonBaseAttrReplacer","decl":{"start":{"line":54,"column":16},"end":{"line":54,"column":36}},"loc":{"start":{"line":54,"column":36},"end":{"line":72,"column":1}}},"1":{"name":"(anonymous_2)","decl":{"start":{"line":57,"column":11},"end":{"line":57,"column":12}},"loc":{"start":{"line":57,"column":45},"end":{"line":71,"column":5}}},"2":{"name":"(anonymous_3)","decl":{"start":{"line":79,"column":4},"end":{"line":79,"column":null}},"loc":{"start":{"line":80,"column":40},"end":{"line":90,"column":5}}},"3":{"name":"(anonymous_4)","decl":{"start":{"line":92,"column":4},"end":{"line":92,"column":12}},"loc":{"start":{"line":92,"column":35},"end":{"line":94,"column":5}}},"4":{"name":"(anonymous_5)","decl":{"start":{"line":96,"column":4},"end":{"line":96,"column":8}},"loc":{"start":{"line":96,"column":34},"end":{"line":193,"column":5}}},"5":{"name":"(anonymous_6)","decl":{"start":{"line":195,"column":4},"end":{"line":195,"column":21}},"loc":{"start":{"line":195,"column":42},"end":{"line":219,"column":5}}},"6":{"name":"(anonymous_7)","decl":{"start":{"line":221,"column":4},"end":{"line":221,"column":12}},"loc":{"start":{"line":221,"column":12},"end":{"line":233,"column":5}}},"7":{"name":"(anonymous_8)","decl":{"start":{"line":235,"column":4},"end":{"line":235,"column":10}},"loc":{"start":{"line":235,"column":39},"end":{"line":247,"column":5}}},"8":{"name":"(anonymous_9)","decl":{"start":{"line":249,"column":4},"end":{"line":249,"column":9}},"loc":{"start":{"line":249,"column":9},"end":{"line":251,"column":5}}}},"branchMap":{"0":{"loc":{"start":{"line":58,"column":6},"end":{"line":68,"column":null}},"type":"if","locations":[{"start":{"line":58,"column":6},"end":{"line":68,"column":null}}]},"1":{"loc":{"start":{"line":58,"column":10},"end":{"line":58,"column":53}},"type":"binary-expr","locations":[{"start":{"line":58,"column":10},"end":{"line":58,"column":35}},{"start":{"line":58,"column":39},"end":{"line":58,"column":53}}]},"2":{"loc":{"start":{"line":59,"column":8},"end":{"line":61,"column":null}},"type":"if","locations":[{"start":{"line":59,"column":8},"end":{"line":61,"column":null}}]},"3":{"loc":{"start":{"line":63,"column":8},"end":{"line":65,"column":null}},"type":"if","locations":[{"start":{"line":63,"column":8},"end":{"line":65,"column":null}}]},"4":{"loc":{"start":{"line":87,"column":8},"end":{"line":89,"column":null}},"type":"if","locations":[{"start":{"line":87,"column":8},"end":{"line":89,"column":null}}]},"5":{"loc":{"start":{"line":105,"column":8},"end":{"line":173,"column":null}},"type":"if","locations":[{"start":{"line":105,"column":8},"end":{"line":173,"column":null}}]},"6":{"loc":{"start":{"line":106,"column":12},"end":{"line":107,"column":38}},"type":"binary-expr","locations":[{"start":{"line":106,"column":12},"end":{"line":106,"column":44}},{"start":{"line":107,"column":12},"end":{"line":107,"column":38}}]},"7":{"loc":{"start":{"line":111,"column":12},"end":{"line":116,"column":null}},"type":"if","locations":[{"start":{"line":111,"column":12},"end":{"line":116,"column":null}}]},"8":{"loc":{"start":{"line":119,"column":12},"end":{"line":124,"column":null}},"type":"if","locations":[{"start":{"line":119,"column":12},"end":{"line":124,"column":null}}]},"9":{"loc":{"start":{"line":126,"column":12},"end":{"line":137,"column":null}},"type":"if","locations":[{"start":{"line":126,"column":12},"end":{"line":137,"column":null}}]},"10":{"loc":{"start":{"line":126,"column":16},"end":{"line":126,"column":62}},"type":"binary-expr","locations":[{"start":{"line":126,"column":16},"end":{"line":126,"column":35}},{"start":{"line":126,"column":40},"end":{"line":126,"column":62}}]},"11":{"loc":{"start":{"line":139,"column":12},"end":{"line":172,"column":null}},"type":"if","locations":[{"start":{"line":139,"column":12},"end":{"line":172,"column":null}}]},"12":{"loc":{"start":{"line":141,"column":16},"end":{"line":170,"column":null}},"type":"if","locations":[{"start":{"line":141,"column":16},"end":{"line":170,"column":null}},{"start":{"line":158,"column":20},"end":{"line":170,"column":null}}]},"13":{"loc":{"start":{"line":142,"column":20},"end":{"line":156,"column":null}},"type":"if","locations":[{"start":{"line":142,"column":20},"end":{"line":156,"column":null}}]},"14":{"loc":{"start":{"line":143,"column":24},"end":{"line":145,"column":38}},"type":"binary-expr","locations":[{"start":{"line":143,"column":24},"end":{"line":143,"column":54}},{"start":{"line":144,"column":24},"end":{"line":144,"column":62}},{"start":{"line":145,"column":24},"end":{"line":145,"column":38}}]},"15":{"loc":{"start":{"line":175,"column":8},"end":{"line":185,"column":null}},"type":"if","locations":[{"start":{"line":175,"column":8},"end":{"line":185,"column":null}}]},"16":{"loc":{"start":{"line":214,"column":16},"end":{"line":216,"column":null}},"type":"if","locations":[{"start":{"line":214,"column":16},"end":{"line":216,"column":null}}]},"17":{"loc":{"start":{"line":235,"column":11},"end":{"line":235,"column":39}},"type":"default-arg","locations":[{"start":{"line":235,"column":34},"end":{"line":235,"column":39}}]},"18":{"loc":{"start":{"line":237,"column":8},"end":{"line":246,"column":null}},"type":"if","locations":[{"start":{"line":237,"column":8},"end":{"line":246,"column":null}},{"start":{"line":242,"column":12},"end":{"line":246,"column":null}}]}},"s":{"0":1,"1":1,"2":1,"3":7,"4":7,"5":118,"6":77,"7":14,"8":63,"9":14,"10":49,"11":90,"12":1,"13":4,"14":4,"15":4,"16":0,"17":4,"18":4,"19":4,"20":4,"21":4,"22":4,"23":4,"24":4,"25":1,"26":1,"27":0,"28":1,"29":1,"30":0,"31":1,"32":1,"33":1,"34":1,"35":1,"36":0,"37":0,"38":0,"39":0,"40":0,"41":0,"42":0,"43":0,"44":0,"45":0,"46":0,"47":3,"48":1,"49":1,"50":1,"51":1,"52":2,"53":4,"54":4,"55":4,"56":4,"57":4,"58":4,"59":4,"60":4,"61":8,"62":8,"63":8,"64":8,"65":3,"66":3,"67":3,"68":3,"69":6,"70":6,"71":8,"72":7,"73":1,"74":0,"75":1},"f":{"0":7,"1":118,"2":4,"3":0,"4":4,"5":4,"6":3,"7":8,"8":0},"b":{"0":[77],"1":[118,77],"2":[14],"3":[14],"4":[4],"5":[1],"6":[4,2],"7":[0],"8":[0],"9":[1],"10":[1,1],"11":[0],"12":[0,0],"13":[0],"14":[0,0,0],"15":[1],"16":[8],"17":[0],"18":[7,1]}}
,"/home/izkeas/Projects/web/web-generator/lib/generator/src/CharacterBase.ts": {"path":"/home/izkeas/Projects/web/web-generator/lib/generator/src/CharacterBase.ts","statementMap":{"0":{"start":{"line":1,"column":0},"end":{"line":1,"column":19}},"1":{"start":{"line":2,"column":0},"end":{"line":2,"column":43}},"2":{"start":{"line":4,"column":0},"end":{"line":4,"column":72}},"3":{"start":{"line":97,"column":8},"end":{"line":100,"column":10}},"4":{"start":{"line":102,"column":8},"end":{"line":104,"column":null}},"5":{"start":{"line":103,"column":12},"end":{"line":103,"column":32}},"6":{"start":{"line":106,"column":8},"end":{"line":108,"column":null}},"7":{"start":{"line":107,"column":12},"end":{"line":107,"column":36}},"8":{"start":{"line":113,"column":8},"end":{"line":113,"column":34}},"9":{"start":{"line":117,"column":21},"end":{"line":117,"column":50}},"10":{"start":{"line":118,"column":21},"end":{"line":118,"column":37}},"11":{"start":{"line":119,"column":8},"end":{"line":119,"column":35}},"12":{"start":{"line":123,"column":25},"end":{"line":123,"column":56}},"13":{"start":{"line":125,"column":8},"end":{"line":127,"column":null}},"14":{"start":{"line":126,"column":12},"end":{"line":126,"column":32}},"15":{"start":{"line":129,"column":8},"end":{"line":129,"column":24}},"16":{"start":{"line":133,"column":8},"end":{"line":138,"column":null}},"17":{"start":{"line":134,"column":12},"end":{"line":137,"column":null}},"18":{"start":{"line":140,"column":8},"end":{"line":145,"column":null}},"19":{"start":{"line":141,"column":12},"end":{"line":144,"column":null}},"20":{"start":{"line":147,"column":8},"end":{"line":152,"column":null}},"21":{"start":{"line":148,"column":12},"end":{"line":151,"column":null}},"22":{"start":{"line":154,"column":33},"end":{"line":154,"column":55}},"23":{"start":{"line":157,"column":8},"end":{"line":201,"column":null}},"24":{"start":{"line":158,"column":34},"end":{"line":158,"column":67}},"25":{"start":{"line":161,"column":12},"end":{"line":200,"column":null}},"26":{"start":{"line":162,"column":38},"end":{"line":162,"column":64}},"27":{"start":{"line":163,"column":41},"end":{"line":163,"column":57}},"28":{"start":{"line":165,"column":16},"end":{"line":166,"column":29}},"29":{"start":{"line":166,"column":20},"end":{"line":166,"column":29}},"30":{"start":{"line":169,"column":16},"end":{"line":182,"column":null}},"31":{"start":{"line":170,"column":20},"end":{"line":181,"column":null}},"32":{"start":{"line":170,"column":43},"end":{"line":170,"column":44}},"33":{"start":{"line":171,"column":39},"end":{"line":171,"column":73}},"34":{"start":{"line":173,"column":24},"end":{"line":178,"column":null}},"35":{"start":{"line":173,"column":57},"end":{"line":173,"column":75}},"36":{"start":{"line":174,"column":28},"end":{"line":177,"column":30}},"37":{"start":{"line":180,"column":24},"end":{"line":180,"column":54}},"38":{"start":{"line":186,"column":16},"end":{"line":199,"column":null}},"39":{"start":{"line":187,"column":20},"end":{"line":190,"column":null}},"40":{"start":{"line":193,"column":20},"end":{"line":198,"column":null}},"41":{"start":{"line":194,"column":24},"end":{"line":197,"column":null}},"42":{"start":{"line":203,"column":8},"end":{"line":206,"column":null}},"43":{"start":{"line":93,"column":0},"end":{"line":93,"column":21}}},"fnMap":{"0":{"name":"(anonymous_1)","decl":{"start":{"line":96,"column":4},"end":{"line":96,"column":16}},"loc":{"start":{"line":96,"column":84},"end":{"line":110,"column":5}}},"1":{"name":"(anonymous_2)","decl":{"start":{"line":112,"column":4},"end":{"line":112,"column":14}},"loc":{"start":{"line":112,"column":43},"end":{"line":114,"column":5}}},"2":{"name":"(anonymous_3)","decl":{"start":{"line":116,"column":4},"end":{"line":116,"column":12}},"loc":{"start":{"line":116,"column":26},"end":{"line":120,"column":5}}},"3":{"name":"(anonymous_4)","decl":{"start":{"line":122,"column":4},"end":{"line":122,"column":12}},"loc":{"start":{"line":122,"column":40},"end":{"line":130,"column":5}}},"4":{"name":"(anonymous_5)","decl":{"start":{"line":132,"column":4},"end":{"line":132,"column":21}},"loc":{"start":{"line":132,"column":48},"end":{"line":207,"column":5}}},"5":{"name":"(anonymous_6)","decl":{"start":{"line":173,"column":52},"end":{"line":173,"column":53}},"loc":{"start":{"line":173,"column":57},"end":{"line":173,"column":75}}}},"branchMap":{"0":{"loc":{"start":{"line":96,"column":16},"end":{"line":96,"column":53}},"type":"default-arg","locations":[{"start":{"line":96,"column":44},"end":{"line":96,"column":53}}]},"1":{"loc":{"start":{"line":102,"column":8},"end":{"line":104,"column":null}},"type":"if","locations":[{"start":{"line":102,"column":8},"end":{"line":104,"column":null}}]},"2":{"loc":{"start":{"line":106,"column":8},"end":{"line":108,"column":null}},"type":"if","locations":[{"start":{"line":106,"column":8},"end":{"line":108,"column":null}}]},"3":{"loc":{"start":{"line":125,"column":8},"end":{"line":127,"column":null}},"type":"if","locations":[{"start":{"line":125,"column":8},"end":{"line":127,"column":null}}]},"4":{"loc":{"start":{"line":133,"column":8},"end":{"line":138,"column":null}},"type":"if","locations":[{"start":{"line":133,"column":8},"end":{"line":138,"column":null}}]},"5":{"loc":{"start":{"line":140,"column":8},"end":{"line":145,"column":null}},"type":"if","locations":[{"start":{"line":140,"column":8},"end":{"line":145,"column":null}}]},"6":{"loc":{"start":{"line":147,"column":8},"end":{"line":152,"column":null}},"type":"if","locations":[{"start":{"line":147,"column":8},"end":{"line":152,"column":null}}]},"7":{"loc":{"start":{"line":165,"column":16},"end":{"line":166,"column":29}},"type":"if","locations":[{"start":{"line":165,"column":16},"end":{"line":166,"column":29}}]},"8":{"loc":{"start":{"line":169,"column":16},"end":{"line":182,"column":null}},"type":"if","locations":[{"start":{"line":169,"column":16},"end":{"line":182,"column":null}}]},"9":{"loc":{"start":{"line":173,"column":24},"end":{"line":178,"column":null}},"type":"if","locations":[{"start":{"line":173,"column":24},"end":{"line":178,"column":null}}]},"10":{"loc":{"start":{"line":186,"column":16},"end":{"line":199,"column":null}},"type":"if","locations":[{"start":{"line":186,"column":16},"end":{"line":199,"column":null}},{"start":{"line":192,"column":21},"end":{"line":199,"column":null}}]},"11":{"loc":{"start":{"line":193,"column":20},"end":{"line":198,"column":null}},"type":"if","locations":[{"start":{"line":193,"column":20},"end":{"line":198,"column":null}}]}},"s":{"0":2,"1":2,"2":2,"3":4,"4":4,"5":0,"6":4,"7":0,"8":0,"9":1,"10":1,"11":1,"12":4,"13":4,"14":4,"15":4,"16":4,"17":0,"18":4,"19":0,"20":4,"21":0,"22":4,"23":4,"24":4,"25":4,"26":8,"27":8,"28":8,"29":4,"30":4,"31":4,"32":4,"33":12,"34":12,"35":12,"36":0,"37":12,"38":4,"39":0,"40":4,"41":0,"42":4,"43":2},"f":{"0":4,"1":0,"2":1,"3":4,"4":4,"5":12},"b":{"0":[4],"1":[0],"2":[0],"3":[4],"4":[0],"5":[0],"6":[0],"7":[4],"8":[4],"9":[0],"10":[0,4],"11":[0]}}
,"/home/izkeas/Projects/web/web-generator/lib/generator/src/Choice.ts": {"path":"/home/izkeas/Projects/web/web-generator/lib/generator/src/Choice.ts","statementMap":{"0":{"start":{"line":2,"column":4},"end":{"line":2,"column":null}},"1":{"start":{"line":1,"column":0},"end":{"line":1,"column":16}},"2":{"start":{"line":6,"column":32},"end":{"line":6,"column":34}},"3":{"start":{"line":7,"column":25},"end":{"line":7,"column":36}},"4":{"start":{"line":9,"column":4},"end":{"line":19,"column":null}},"5":{"start":{"line":9,"column":23},"end":{"line":9,"column":24}},"6":{"start":{"line":10,"column":29},"end":{"line":10,"column":50}},"7":{"start":{"line":12,"column":8},"end":{"line":18,"column":null}},"8":{"start":{"line":13,"column":12},"end":{"line":17,"column":null}},"9":{"start":{"line":14,"column":16},"end":{"line":14,"column":43}},"10":{"start":{"line":15,"column":17},"end":{"line":17,"column":null}},"11":{"start":{"line":16,"column":16},"end":{"line":16,"column":null}},"12":{"start":{"line":20,"column":4},"end":{"line":20,"column":19}},"13":{"start":{"line":5,"column":0},"end":{"line":5,"column":16}}},"fnMap":{"0":{"name":"randomChoice","decl":{"start":{"line":1,"column":16},"end":{"line":1,"column":28}},"loc":{"start":{"line":1,"column":50},"end":{"line":3,"column":1}}},"1":{"name":"multRandomChoice","decl":{"start":{"line":5,"column":16},"end":{"line":5,"column":32}},"loc":{"start":{"line":5,"column":83},"end":{"line":21,"column":1}}}},"branchMap":{"0":{"loc":{"start":{"line":5,"column":56},"end":{"line":5,"column":69}},"type":"default-arg","locations":[{"start":{"line":5,"column":68},"end":{"line":5,"column":69}}]},"1":{"loc":{"start":{"line":5,"column":71},"end":{"line":5,"column":83}},"type":"default-arg","locations":[{"start":{"line":5,"column":78},"end":{"line":5,"column":83}}]},"2":{"loc":{"start":{"line":12,"column":8},"end":{"line":18,"column":null}},"type":"if","locations":[{"start":{"line":12,"column":8},"end":{"line":18,"column":null}}]},"3":{"loc":{"start":{"line":13,"column":12},"end":{"line":17,"column":null}},"type":"if","locations":[{"start":{"line":13,"column":12},"end":{"line":17,"column":null}},{"start":{"line":15,"column":17},"end":{"line":17,"column":null}}]},"4":{"loc":{"start":{"line":13,"column":16},"end":{"line":13,"column":66}},"type":"binary-expr","locations":[{"start":{"line":13,"column":16},"end":{"line":13,"column":31}},{"start":{"line":13,"column":35},"end":{"line":13,"column":66}}]},"5":{"loc":{"start":{"line":15,"column":17},"end":{"line":17,"column":null}},"type":"if","locations":[{"start":{"line":15,"column":17},"end":{"line":17,"column":null}}]}},"s":{"0":3,"1":1,"2":3,"3":3,"4":3,"5":3,"6":3,"7":3,"8":3,"9":3,"10":0,"11":0,"12":3,"13":1},"f":{"0":3,"1":3},"b":{"0":[0],"1":[3],"2":[3],"3":[3,0],"4":[3,3],"5":[0]}}
,"/home/izkeas/Projects/web/web-generator/lib/generator/src/CreatePatch.ts": {"path":"/home/izkeas/Projects/web/web-generator/lib/generator/src/CreatePatch.ts","statementMap":{"0":{"start":{"line":4,"column":0},"end":{"line":4,"column":40}},"1":{"start":{"line":7,"column":37},"end":{"line":10,"column":6}},"2":{"start":{"line":12,"column":4},"end":{"line":36,"column":null}},"3":{"start":{"line":13,"column":31},"end":{"line":13,"column":77}},"4":{"start":{"line":14,"column":32},"end":{"line":14,"column":79}},"5":{"start":{"line":16,"column":8},"end":{"line":18,"column":null}},"6":{"start":{"line":17,"column":12},"end":{"line":17,"column":21}},"7":{"start":{"line":20,"column":8},"end":{"line":35,"column":null}},"8":{"start":{"line":21,"column":35},"end":{"line":21,"column":63}},"9":{"start":{"line":22,"column":36},"end":{"line":22,"column":65}},"10":{"start":{"line":24,"column":12},"end":{"line":26,"column":null}},"11":{"start":{"line":25,"column":16},"end":{"line":25,"column":25}},"12":{"start":{"line":28,"column":12},"end":{"line":34,"column":null}},"13":{"start":{"line":29,"column":16},"end":{"line":31,"column":null}},"14":{"start":{"line":30,"column":20},"end":{"line":30,"column":60}},"15":{"start":{"line":33,"column":16},"end":{"line":33,"column":82}},"16":{"start":{"line":38,"column":4},"end":{"line":38,"column":16}},"17":{"start":{"line":6,"column":0},"end":{"line":6,"column":16}}},"fnMap":{"0":{"name":"createPatch","decl":{"start":{"line":6,"column":16},"end":{"line":6,"column":27}},"loc":{"start":{"line":6,"column":97},"end":{"line":39,"column":1}}}},"branchMap":{"0":{"loc":{"start":{"line":16,"column":8},"end":{"line":18,"column":null}},"type":"if","locations":[{"start":{"line":16,"column":8},"end":{"line":18,"column":null}}]},"1":{"loc":{"start":{"line":24,"column":12},"end":{"line":26,"column":null}},"type":"if","locations":[{"start":{"line":24,"column":12},"end":{"line":26,"column":null}}]},"2":{"loc":{"start":{"line":28,"column":12},"end":{"line":34,"column":null}},"type":"if","locations":[{"start":{"line":28,"column":12},"end":{"line":34,"column":null}}]},"3":{"loc":{"start":{"line":29,"column":16},"end":{"line":31,"column":null}},"type":"if","locations":[{"start":{"line":29,"column":16},"end":{"line":31,"column":null}}]}},"s":{"0":1,"1":2,"2":2,"3":2,"4":2,"5":2,"6":0,"7":2,"8":4,"9":4,"10":4,"11":0,"12":4,"13":3,"14":2,"15":3,"16":2,"17":1},"f":{"0":2},"b":{"0":[0],"1":[0],"2":[3],"3":[2]}}
,"/home/izkeas/Projects/web/web-generator/lib/generator/src/NumberGenerator.ts": {"path":"/home/izkeas/Projects/web/web-generator/lib/generator/src/NumberGenerator.ts","statementMap":{"0":{"start":{"line":3,"column":8},"end":{"line":3,"column":65}},"1":{"start":{"line":7,"column":8},"end":{"line":7,"column":49}},"2":{"start":{"line":11,"column":8},"end":{"line":11,"column":36}},"3":{"start":{"line":15,"column":19},"end":{"line":15,"column":32}},"4":{"start":{"line":16,"column":19},"end":{"line":16,"column":32}},"5":{"start":{"line":17,"column":18},"end":{"line":17,"column":79}},"6":{"start":{"line":18,"column":8},"end":{"line":18,"column":35}},"7":{"start":{"line":1,"column":0},"end":{"line":1,"column":21}}},"fnMap":{"0":{"name":"(anonymous_0)","decl":{"start":{"line":2,"column":11},"end":{"line":2,"column":17}},"loc":{"start":{"line":2,"column":55},"end":{"line":4,"column":5}}},"1":{"name":"(anonymous_1)","decl":{"start":{"line":6,"column":11},"end":{"line":6,"column":17}},"loc":{"start":{"line":6,"column":57},"end":{"line":8,"column":5}}},"2":{"name":"(anonymous_2)","decl":{"start":{"line":10,"column":11},"end":{"line":10,"column":17}},"loc":{"start":{"line":10,"column":34},"end":{"line":12,"column":5}}},"3":{"name":"(anonymous_3)","decl":{"start":{"line":14,"column":11},"end":{"line":14,"column":17}},"loc":{"start":{"line":14,"column":63},"end":{"line":19,"column":5}}}},"branchMap":{},"s":{"0":3,"1":3,"2":0,"3":0,"4":0,"5":0,"6":0,"7":1},"f":{"0":3,"1":3,"2":0,"3":0},"b":{}}
,"/home/izkeas/Projects/web/web-generator/lib/generator/src/Utils.ts": {"path":"/home/izkeas/Projects/web/web-generator/lib/generator/src/Utils.ts","statementMap":{"0":{"start":{"line":4,"column":4},"end":{"line":8,"column":null}},"1":{"start":{"line":5,"column":8},"end":{"line":7,"column":null}},"2":{"start":{"line":6,"column":12},"end":{"line":6,"column":24}},"3":{"start":{"line":10,"column":4},"end":{"line":10,"column":17}},"4":{"start":{"line":2,"column":0},"end":{"line":2,"column":16}},"5":{"start":{"line":15,"column":4},"end":{"line":17,"column":null}},"6":{"start":{"line":16,"column":8},"end":{"line":16,"column":null}},"7":{"start":{"line":19,"column":4},"end":{"line":21,"column":null}},"8":{"start":{"line":20,"column":8},"end":{"line":20,"column":null}},"9":{"start":{"line":23,"column":4},"end":{"line":23,"column":17}},"10":{"start":{"line":13,"column":0},"end":{"line":13,"column":16}},"11":{"start":{"line":35,"column":17},"end":{"line":35,"column":30}},"12":{"start":{"line":37,"column":4},"end":{"line":46,"column":null}},"13":{"start":{"line":38,"column":6},"end":{"line":43,"column":null}},"14":{"start":{"line":39,"column":8},"end":{"line":41,"column":null}},"15":{"start":{"line":40,"column":10},"end":{"line":40,"column":17}},"16":{"start":{"line":42,"column":8},"end":{"line":42,"column":24}},"17":{"start":{"line":44,"column":6},"end":{"line":44,"column":19}},"18":{"start":{"line":34,"column":0},"end":{"line":34,"column":16}}},"fnMap":{"0":{"name":"ArrayContains","decl":{"start":{"line":2,"column":16},"end":{"line":2,"column":29}},"loc":{"start":{"line":2,"column":65},"end":{"line":11,"column":1}}},"1":{"name":"clamp","decl":{"start":{"line":13,"column":16},"end":{"line":13,"column":21}},"loc":{"start":{"line":13,"column":63},"end":{"line":24,"column":1}}},"2":{"name":"getCircularReplacer","decl":{"start":{"line":34,"column":16},"end":{"line":34,"column":35}},"loc":{"start":{"line":34,"column":35},"end":{"line":47,"column":1}}},"3":{"name":"(anonymous_3)","decl":{"start":{"line":37,"column":11},"end":{"line":37,"column":12}},"loc":{"start":{"line":37,"column":45},"end":{"line":46,"column":5}}}},"branchMap":{"0":{"loc":{"start":{"line":5,"column":8},"end":{"line":7,"column":null}},"type":"if","locations":[{"start":{"line":5,"column":8},"end":{"line":7,"column":null}}]},"1":{"loc":{"start":{"line":15,"column":4},"end":{"line":17,"column":null}},"type":"if","locations":[{"start":{"line":15,"column":4},"end":{"line":17,"column":null}}]},"2":{"loc":{"start":{"line":19,"column":4},"end":{"line":21,"column":null}},"type":"if","locations":[{"start":{"line":19,"column":4},"end":{"line":21,"column":null}}]},"3":{"loc":{"start":{"line":38,"column":6},"end":{"line":43,"column":null}},"type":"if","locations":[{"start":{"line":38,"column":6},"end":{"line":43,"column":null}}]},"4":{"loc":{"start":{"line":38,"column":10},"end":{"line":38,"column":53}},"type":"binary-expr","locations":[{"start":{"line":38,"column":10},"end":{"line":38,"column":35}},{"start":{"line":38,"column":39},"end":{"line":38,"column":53}}]},"5":{"loc":{"start":{"line":39,"column":8},"end":{"line":41,"column":null}},"type":"if","locations":[{"start":{"line":39,"column":8},"end":{"line":41,"column":null}}]}},"s":{"0":3,"1":4,"2":3,"3":0,"4":1,"5":0,"6":0,"7":0,"8":0,"9":0,"10":1,"11":1,"12":1,"13":26,"14":12,"15":2,"16":10,"17":24,"18":1},"f":{"0":3,"1":0,"2":1,"3":26},"b":{"0":[3],"1":[0],"2":[0],"3":[12],"4":[26,12],"5":[2]}}
,"/home/izkeas/Projects/web/web-generator/lib/generator/src/attributes/Attribute.ts": {"path":"/home/izkeas/Projects/web/web-generator/lib/generator/src/attributes/Attribute.ts","statementMap":{"0":{"start":{"line":16,"column":0},"end":{"line":16,"column":null}},"1":{"start":{"line":17,"column":4},"end":{"line":17,"column":null}},"2":{"start":{"line":18,"column":4},"end":{"line":18,"column":null}},"3":{"start":{"line":19,"column":4},"end":{"line":19,"column":null}},"4":{"start":{"line":20,"column":4},"end":{"line":20,"column":null}},"5":{"start":{"line":21,"column":4},"end":{"line":21,"column":70}},"6":{"start":{"line":36,"column":15},"end":{"line":36,"column":38}},"7":{"start":{"line":37,"column":18},"end":{"line":37,"column":32}},"8":{"start":{"line":38,"column":18},"end":{"line":38,"column":42}},"9":{"start":{"line":39,"column":8},"end":{"line":39,"column":34}},"10":{"start":{"line":45,"column":8},"end":{"line":78,"column":null}},"11":{"start":{"line":46,"column":12},"end":{"line":46,"column":30}},"12":{"start":{"line":48,"column":13},"end":{"line":78,"column":null}},"13":{"start":{"line":49,"column":12},"end":{"line":49,"column":45}},"14":{"start":{"line":51,"column":13},"end":{"line":78,"column":null}},"15":{"start":{"line":53,"column":12},"end":{"line":77,"column":null}},"16":{"start":{"line":55,"column":26},"end":{"line":55,"column":28}},"17":{"start":{"line":56,"column":16},"end":{"line":71,"column":null}},"18":{"start":{"line":56,"column":30},"end":{"line":56,"column":31}},"19":{"start":{"line":57,"column":34},"end":{"line":57,"column":47}},"20":{"start":{"line":59,"column":20},"end":{"line":70,"column":null}},"21":{"start":{"line":60,"column":24},"end":{"line":60,"column":null}},"22":{"start":{"line":61,"column":24},"end":{"line":63,"column":null}},"23":{"start":{"line":62,"column":28},"end":{"line":62,"column":40}},"24":{"start":{"line":65,"column":25},"end":{"line":70,"column":null}},"25":{"start":{"line":66,"column":24},"end":{"line":66,"column":37}},"26":{"start":{"line":67,"column":24},"end":{"line":69,"column":null}},"27":{"start":{"line":68,"column":28},"end":{"line":68,"column":40}},"28":{"start":{"line":72,"column":16},"end":{"line":72,"column":27}},"29":{"start":{"line":75,"column":17},"end":{"line":77,"column":null}},"30":{"start":{"line":76,"column":16},"end":{"line":76,"column":39}},"31":{"start":{"line":81,"column":8},"end":{"line":99,"column":null}},"32":{"start":{"line":83,"column":12},"end":{"line":98,"column":null}},"33":{"start":{"line":84,"column":26},"end":{"line":84,"column":28}},"34":{"start":{"line":86,"column":16},"end":{"line":93,"column":null}},"35":{"start":{"line":87,"column":20},"end":{"line":92,"column":null}},"36":{"start":{"line":88,"column":24},"end":{"line":88,"column":52}},"37":{"start":{"line":90,"column":25},"end":{"line":92,"column":null}},"38":{"start":{"line":91,"column":24},"end":{"line":91,"column":40}},"39":{"start":{"line":94,"column":16},"end":{"line":94,"column":34}},"40":{"start":{"line":96,"column":17},"end":{"line":98,"column":null}},"41":{"start":{"line":97,"column":16},"end":{"line":97,"column":46}},"42":{"start":{"line":101,"column":8},"end":{"line":101,"column":18}},"43":{"start":{"line":32,"column":0},"end":{"line":32,"column":30}}},"fnMap":{"0":{"name":"(anonymous_0)","decl":{"start":{"line":16,"column":0},"end":{"line":16,"column":12}},"loc":{"start":{"line":16,"column":26},"end":{"line":22,"column":1}}},"1":{"name":"(anonymous_1)","decl":{"start":{"line":35,"column":4},"end":{"line":35,"column":null}},"loc":{"start":{"line":38,"column":42},"end":{"line":40,"column":5}}},"2":{"name":"(anonymous_2)","decl":{"start":{"line":44,"column":4},"end":{"line":44,"column":12}},"loc":{"start":{"line":44,"column":12},"end":{"line":79,"column":5}}},"3":{"name":"(anonymous_3)","decl":{"start":{"line":80,"column":4},"end":{"line":80,"column":17}},"loc":{"start":{"line":80,"column":17},"end":{"line":102,"column":5}}}},"branchMap":{"0":{"loc":{"start":{"line":16,"column":12},"end":{"line":16,"column":null}},"type":"binary-expr","locations":[{"start":{"line":16,"column":12},"end":{"line":16,"column":26}},{"start":{"line":16,"column":12},"end":{"line":16,"column":null}}]},"1":{"loc":{"start":{"line":45,"column":8},"end":{"line":78,"column":null}},"type":"if","locations":[{"start":{"line":45,"column":8},"end":{"line":78,"column":null}},{"start":{"line":48,"column":13},"end":{"line":78,"column":null}}]},"2":{"loc":{"start":{"line":48,"column":13},"end":{"line":78,"column":null}},"type":"if","locations":[{"start":{"line":48,"column":13},"end":{"line":78,"column":null}},{"start":{"line":51,"column":13},"end":{"line":78,"column":null}}]},"3":{"loc":{"start":{"line":51,"column":13},"end":{"line":78,"column":null}},"type":"if","locations":[{"start":{"line":51,"column":13},"end":{"line":78,"column":null}}]},"4":{"loc":{"start":{"line":53,"column":12},"end":{"line":77,"column":null}},"type":"if","locations":[{"start":{"line":53,"column":12},"end":{"line":77,"column":null}},{"start":{"line":75,"column":17},"end":{"line":77,"column":null}}]},"5":{"loc":{"start":{"line":59,"column":20},"end":{"line":70,"column":null}},"type":"if","locations":[{"start":{"line":59,"column":20},"end":{"line":70,"column":null}},{"start":{"line":65,"column":25},"end":{"line":70,"column":null}}]},"6":{"loc":{"start":{"line":61,"column":24},"end":{"line":63,"column":null}},"type":"if","locations":[{"start":{"line":61,"column":24},"end":{"line":63,"column":null}}]},"7":{"loc":{"start":{"line":65,"column":25},"end":{"line":70,"column":null}},"type":"if","locations":[{"start":{"line":65,"column":25},"end":{"line":70,"column":null}}]},"8":{"loc":{"start":{"line":67,"column":24},"end":{"line":69,"column":null}},"type":"if","locations":[{"start":{"line":67,"column":24},"end":{"line":69,"column":null}}]},"9":{"loc":{"start":{"line":75,"column":17},"end":{"line":77,"column":null}},"type":"if","locations":[{"start":{"line":75,"column":17},"end":{"line":77,"column":null}}]},"10":{"loc":{"start":{"line":81,"column":8},"end":{"line":99,"column":null}},"type":"if","locations":[{"start":{"line":81,"column":8},"end":{"line":99,"column":null}}]},"11":{"loc":{"start":{"line":83,"column":12},"end":{"line":98,"column":null}},"type":"if","locations":[{"start":{"line":83,"column":12},"end":{"line":98,"column":null}},{"start":{"line":96,"column":17},"end":{"line":98,"column":null}}]},"12":{"loc":{"start":{"line":87,"column":20},"end":{"line":92,"column":null}},"type":"if","locations":[{"start":{"line":87,"column":20},"end":{"line":92,"column":null}},{"start":{"line":90,"column":25},"end":{"line":92,"column":null}}]},"13":{"loc":{"start":{"line":90,"column":25},"end":{"line":92,"column":null}},"type":"if","locations":[{"start":{"line":90,"column":25},"end":{"line":92,"column":null}}]},"14":{"loc":{"start":{"line":96,"column":17},"end":{"line":98,"column":null}},"type":"if","locations":[{"start":{"line":96,"column":17},"end":{"line":98,"column":null}}]}},"s":{"0":2,"1":2,"2":2,"3":2,"4":2,"5":2,"6":8,"7":8,"8":8,"9":8,"10":0,"11":0,"12":0,"13":0,"14":0,"15":0,"16":0,"17":0,"18":0,"19":0,"20":0,"21":0,"22":0,"23":0,"24":0,"25":0,"26":0,"27":0,"28":0,"29":0,"30":0,"31":0,"32":0,"33":0,"34":0,"35":0,"36":0,"37":0,"38":0,"39":0,"40":0,"41":0,"42":0,"43":2},"f":{"0":2,"1":8,"2":0,"3":0},"b":{"0":[2,2],"1":[0,0],"2":[0,0],"3":[0],"4":[0,0],"5":[0,0],"6":[0],"7":[0],"8":[0],"9":[0],"10":[0],"11":[0,0],"12":[0,0],"13":[0],"14":[0]}}
,"/home/izkeas/Projects/web/web-generator/lib/generator/src/attributes/AttributeWrapper.ts": {"path":"/home/izkeas/Projects/web/web-generator/lib/generator/src/attributes/AttributeWrapper.ts","statementMap":{"0":{"start":{"line":4,"column":0},"end":{"line":4,"column":62}},"1":{"start":{"line":5,"column":0},"end":{"line":5,"column":73}},"2":{"start":{"line":6,"column":0},"end":{"line":6,"column":60}},"3":{"start":{"line":7,"column":0},"end":{"line":7,"column":58}},"4":{"start":{"line":8,"column":0},"end":{"line":8,"column":60}},"5":{"start":{"line":9,"column":0},"end":{"line":9,"column":44}},"6":{"start":{"line":15,"column":4},"end":{"line":33,"column":null}},"7":{"start":{"line":17,"column":12},"end":{"line":17,"column":65}},"8":{"start":{"line":20,"column":12},"end":{"line":20,"column":73}},"9":{"start":{"line":23,"column":12},"end":{"line":23,"column":66}},"10":{"start":{"line":26,"column":12},"end":{"line":26,"column":66}},"11":{"start":{"line":29,"column":12},"end":{"line":29,"column":67}},"12":{"start":{"line":32,"column":12},"end":{"line":32,"column":18}},"13":{"start":{"line":14,"column":0},"end":{"line":14,"column":24}}},"fnMap":{"0":{"name":"AttributeFactory","decl":{"start":{"line":14,"column":24},"end":{"line":14,"column":40}},"loc":{"start":{"line":14,"column":92},"end":{"line":34,"column":1}}}},"branchMap":{"0":{"loc":{"start":{"line":15,"column":4},"end":{"line":33,"column":null}},"type":"switch","locations":[{"start":{"line":16,"column":8},"end":{"line":17,"column":65}},{"start":{"line":19,"column":8},"end":{"line":20,"column":73}},{"start":{"line":22,"column":8},"end":{"line":23,"column":66}},{"start":{"line":25,"column":8},"end":{"line":26,"column":66}},{"start":{"line":28,"column":8},"end":{"line":29,"column":67}},{"start":{"line":31,"column":8},"end":{"line":32,"column":18}}]}},"s":{"0":1,"1":1,"2":1,"3":1,"4":1,"5":1,"6":8,"7":4,"8":0,"9":0,"10":4,"11":0,"12":0,"13":1},"f":{"0":8},"b":{"0":[4,0,0,4,0,0]}}
,"/home/izkeas/Projects/web/web-generator/lib/generator/src/attributes/NameGeneratorAttribute.ts": {"path":"/home/izkeas/Projects/web/web-generator/lib/generator/src/attributes/NameGeneratorAttribute.ts","statementMap":{"0":{"start":{"line":1,"column":0},"end":{"line":1,"column":87}},"1":{"start":{"line":7,"column":8},"end":{"line":7,"column":39}},"2":{"start":{"line":11,"column":27},"end":{"line":11,"column":57}},"3":{"start":{"line":12,"column":23},"end":{"line":12,"column":47}},"4":{"start":{"line":13,"column":30},"end":{"line":13,"column":77}},"5":{"start":{"line":15,"column":8},"end":{"line":17,"column":null}},"6":{"start":{"line":16,"column":12},"end":{"line":16,"column":19}},"7":{"start":{"line":19,"column":31},"end":{"line":19,"column":80}},"8":{"start":{"line":21,"column":8},"end":{"line":23,"column":null}},"9":{"start":{"line":22,"column":12},"end":{"line":22,"column":19}},"10":{"start":{"line":25,"column":36},"end":{"line":25,"column":57}},"11":{"start":{"line":26,"column":36},"end":{"line":26,"column":57}},"12":{"start":{"line":27,"column":34},"end":{"line":27,"column":53}},"13":{"start":{"line":29,"column":21},"end":{"line":29,"column":32}},"14":{"start":{"line":31,"column":8},"end":{"line":35,"column":null}},"15":{"start":{"line":32,"column":12},"end":{"line":34,"column":null}},"16":{"start":{"line":33,"column":16},"end":{"line":33,"column":50}},"17":{"start":{"line":37,"column":8},"end":{"line":58,"column":null}},"18":{"start":{"line":42,"column":26},"end":{"line":42,"column":58}},"19":{"start":{"line":43,"column":12},"end":{"line":43,"column":34}},"20":{"start":{"line":45,"column":13},"end":{"line":58,"column":null}},"21":{"start":{"line":49,"column":26},"end":{"line":49,"column":58}},"22":{"start":{"line":50,"column":12},"end":{"line":50,"column":34}},"23":{"start":{"line":52,"column":13},"end":{"line":58,"column":null}},"24":{"start":{"line":56,"column":26},"end":{"line":56,"column":56}},"25":{"start":{"line":57,"column":12},"end":{"line":57,"column":34}},"26":{"start":{"line":5,"column":0},"end":{"line":5,"column":21}}},"fnMap":{"0":{"name":"(anonymous_1)","decl":{"start":{"line":6,"column":4},"end":{"line":6,"column":16}},"loc":{"start":{"line":6,"column":74},"end":{"line":8,"column":5}}},"1":{"name":"(anonymous_2)","decl":{"start":{"line":10,"column":4},"end":{"line":10,"column":12}},"loc":{"start":{"line":10,"column":12},"end":{"line":59,"column":5}}}},"branchMap":{"0":{"loc":{"start":{"line":15,"column":8},"end":{"line":17,"column":null}},"type":"if","locations":[{"start":{"line":15,"column":8},"end":{"line":17,"column":null}}]},"1":{"loc":{"start":{"line":21,"column":8},"end":{"line":23,"column":null}},"type":"if","locations":[{"start":{"line":21,"column":8},"end":{"line":23,"column":null}}]},"2":{"loc":{"start":{"line":31,"column":8},"end":{"line":35,"column":null}},"type":"if","locations":[{"start":{"line":31,"column":8},"end":{"line":35,"column":null}}]},"3":{"loc":{"start":{"line":32,"column":12},"end":{"line":34,"column":null}},"type":"if","locations":[{"start":{"line":32,"column":12},"end":{"line":34,"column":null}}]},"4":{"loc":{"start":{"line":37,"column":8},"end":{"line":58,"column":null}},"type":"if","locations":[{"start":{"line":37,"column":8},"end":{"line":58,"column":null}},{"start":{"line":45,"column":13},"end":{"line":58,"column":null}}]},"5":{"loc":{"start":{"line":38,"column":12},"end":{"line":40,"column":30}},"type":"binary-expr","locations":[{"start":{"line":38,"column":12},"end":{"line":38,"column":31}},{"start":{"line":39,"column":12},"end":{"line":39,"column":32}},{"start":{"line":40,"column":12},"end":{"line":40,"column":30}}]},"6":{"loc":{"start":{"line":45,"column":13},"end":{"line":58,"column":null}},"type":"if","locations":[{"start":{"line":45,"column":13},"end":{"line":58,"column":null}},{"start":{"line":52,"column":13},"end":{"line":58,"column":null}}]},"7":{"loc":{"start":{"line":46,"column":12},"end":{"line":47,"column":30}},"type":"binary-expr","locations":[{"start":{"line":46,"column":12},"end":{"line":46,"column":31}},{"start":{"line":47,"column":12},"end":{"line":47,"column":30}}]},"8":{"loc":{"start":{"line":52,"column":13},"end":{"line":58,"column":null}},"type":"if","locations":[{"start":{"line":52,"column":13},"end":{"line":58,"column":null}}]},"9":{"loc":{"start":{"line":53,"column":12},"end":{"line":54,"column":28}},"type":"binary-expr","locations":[{"start":{"line":53,"column":12},"end":{"line":53,"column":29}},{"start":{"line":54,"column":12},"end":{"line":54,"column":28}}]}},"s":{"0":1,"1":0,"2":0,"3":0,"4":0,"5":0,"6":0,"7":0,"8":0,"9":0,"10":0,"11":0,"12":0,"13":0,"14":0,"15":0,"16":0,"17":0,"18":0,"19":0,"20":0,"21":0,"22":0,"23":0,"24":0,"25":0,"26":1},"f":{"0":0,"1":0},"b":{"0":[0],"1":[0],"2":[0],"3":[0],"4":[0,0],"5":[0,0,0],"6":[0,0],"7":[0,0],"8":[0],"9":[0,0]}}
,"/home/izkeas/Projects/web/web-generator/lib/generator/src/attributes/NormalDistributionAttribute.ts": {"path":"/home/izkeas/Projects/web/web-generator/lib/generator/src/attributes/NormalDistributionAttribute.ts","statementMap":{"0":{"start":{"line":1,"column":0},"end":{"line":1,"column":88}},"1":{"start":{"line":3,"column":0},"end":{"line":3,"column":49}},"2":{"start":{"line":4,"column":0},"end":{"line":4,"column":33}},"3":{"start":{"line":9,"column":8},"end":{"line":9,"column":38}},"4":{"start":{"line":14,"column":27},"end":{"line":14,"column":57}},"5":{"start":{"line":15,"column":30},"end":{"line":15,"column":59}},"6":{"start":{"line":17,"column":8},"end":{"line":19,"column":null}},"7":{"start":{"line":18,"column":12},"end":{"line":18,"column":19}},"8":{"start":{"line":21,"column":20},"end":{"line":21,"column":21}},"9":{"start":{"line":23,"column":8},"end":{"line":27,"column":null}},"10":{"start":{"line":24,"column":12},"end":{"line":26,"column":14}},"11":{"start":{"line":29,"column":8},"end":{"line":33,"column":null}},"12":{"start":{"line":30,"column":12},"end":{"line":32,"column":14}},"13":{"start":{"line":35,"column":8},"end":{"line":46,"column":null}},"14":{"start":{"line":36,"column":24},"end":{"line":36,"column":44}},"15":{"start":{"line":38,"column":12},"end":{"line":43,"column":null}},"16":{"start":{"line":40,"column":38},"end":{"line":40,"column":83}},"17":{"start":{"line":42,"column":16},"end":{"line":42,"column":63}},"18":{"start":{"line":45,"column":12},"end":{"line":45,"column":19}},"19":{"start":{"line":47,"column":8},"end":{"line":47,"column":27}},"20":{"start":{"line":7,"column":0},"end":{"line":7,"column":21}}},"fnMap":{"0":{"name":"(anonymous_7)","decl":{"start":{"line":8,"column":4},"end":{"line":8,"column":16}},"loc":{"start":{"line":8,"column":71},"end":{"line":10,"column":5}}},"1":{"name":"(anonymous_8)","decl":{"start":{"line":12,"column":4},"end":{"line":12,"column":12}},"loc":{"start":{"line":12,"column":12},"end":{"line":48,"column":5}}}},"branchMap":{"0":{"loc":{"start":{"line":17,"column":8},"end":{"line":19,"column":null}},"type":"if","locations":[{"start":{"line":17,"column":8},"end":{"line":19,"column":null}}]},"1":{"loc":{"start":{"line":23,"column":8},"end":{"line":27,"column":null}},"type":"if","locations":[{"start":{"line":23,"column":8},"end":{"line":27,"column":null}}]},"2":{"loc":{"start":{"line":23,"column":12},"end":{"line":23,"column":57}},"type":"binary-expr","locations":[{"start":{"line":23,"column":12},"end":{"line":23,"column":29}},{"start":{"line":23,"column":34},"end":{"line":23,"column":57}}]},"3":{"loc":{"start":{"line":29,"column":8},"end":{"line":33,"column":null}},"type":"if","locations":[{"start":{"line":29,"column":8},"end":{"line":33,"column":null}}]},"4":{"loc":{"start":{"line":29,"column":13},"end":{"line":29,"column":51}},"type":"binary-expr","locations":[{"start":{"line":29,"column":13},"end":{"line":29,"column":30}},{"start":{"line":29,"column":34},"end":{"line":29,"column":51}}]},"5":{"loc":{"start":{"line":35,"column":8},"end":{"line":46,"column":null}},"type":"if","locations":[{"start":{"line":35,"column":8},"end":{"line":46,"column":null}}]},"6":{"loc":{"start":{"line":35,"column":12},"end":{"line":35,"column":71}},"type":"binary-expr","locations":[{"start":{"line":35,"column":12},"end":{"line":35,"column":54}},{"start":{"line":35,"column":58},"end":{"line":35,"column":71}}]},"7":{"loc":{"start":{"line":38,"column":12},"end":{"line":43,"column":null}},"type":"if","locations":[{"start":{"line":38,"column":12},"end":{"line":43,"column":null}}]},"8":{"loc":{"start":{"line":38,"column":16},"end":{"line":38,"column":52}},"type":"binary-expr","locations":[{"start":{"line":38,"column":16},"end":{"line":38,"column":19}},{"start":{"line":38,"column":23},"end":{"line":38,"column":52}}]}},"s":{"0":1,"1":1,"2":1,"3":0,"4":0,"5":0,"6":0,"7":0,"8":0,"9":0,"10":0,"11":0,"12":0,"13":0,"14":0,"15":0,"16":0,"17":0,"18":0,"19":0,"20":1},"f":{"0":0,"1":0},"b":{"0":[0],"1":[0],"2":[0,0],"3":[0],"4":[0,0],"5":[0],"6":[0,0],"7":[0],"8":[0,0]}}
,"/home/izkeas/Projects/web/web-generator/lib/generator/src/attributes/RandomChoiceAttribute.ts": {"path":"/home/izkeas/Projects/web/web-generator/lib/generator/src/attributes/RandomChoiceAttribute.ts","statementMap":{"0":{"start":{"line":1,"column":0},"end":{"line":1,"column":55}},"1":{"start":{"line":3,"column":0},"end":{"line":3,"column":49}},"2":{"start":{"line":4,"column":0},"end":{"line":4,"column":45}},"3":{"start":{"line":12,"column":8},"end":{"line":12,"column":39}},"4":{"start":{"line":13,"column":8},"end":{"line":13,"column":30}},"5":{"start":{"line":14,"column":8},"end":{"line":16,"column":null}},"6":{"start":{"line":15,"column":12},"end":{"line":15,"column":52}},"7":{"start":{"line":20,"column":18},"end":{"line":20,"column":22}},"8":{"start":{"line":25,"column":8},"end":{"line":25,"column":61}},"9":{"start":{"line":26,"column":8},"end":{"line":26,"column":63}},"10":{"start":{"line":28,"column":8},"end":{"line":28,"column":55}},"11":{"start":{"line":30,"column":8},"end":{"line":67,"column":null}},"12":{"start":{"line":36,"column":64},"end":{"line":36,"column":73}},"13":{"start":{"line":38,"column":12},"end":{"line":47,"column":null}},"14":{"start":{"line":39,"column":32},"end":{"line":39,"column":79}},"15":{"start":{"line":40,"column":40},"end":{"line":40,"column":70}},"16":{"start":{"line":41,"column":43},"end":{"line":41,"column":70}},"17":{"start":{"line":44,"column":16},"end":{"line":46,"column":null}},"18":{"start":{"line":45,"column":20},"end":{"line":45,"column":59}},"19":{"start":{"line":49,"column":12},"end":{"line":54,"column":null}},"20":{"start":{"line":50,"column":16},"end":{"line":52,"column":null}},"21":{"start":{"line":51,"column":20},"end":{"line":51,"column":58}},"22":{"start":{"line":53,"column":16},"end":{"line":53,"column":23}},"23":{"start":{"line":59,"column":28},"end":{"line":59,"column":83}},"24":{"start":{"line":61,"column":12},"end":{"line":66,"column":null}},"25":{"start":{"line":62,"column":16},"end":{"line":62,"column":56}},"26":{"start":{"line":64,"column":17},"end":{"line":66,"column":null}},"27":{"start":{"line":65,"column":16},"end":{"line":65,"column":48}},"28":{"start":{"line":8,"column":0},"end":{"line":8,"column":21}}},"fnMap":{"0":{"name":"(anonymous_1)","decl":{"start":{"line":11,"column":4},"end":{"line":11,"column":16}},"loc":{"start":{"line":11,"column":116},"end":{"line":17,"column":5}}},"1":{"name":"(anonymous_2)","decl":{"start":{"line":19,"column":4},"end":{"line":19,"column":12}},"loc":{"start":{"line":19,"column":28},"end":{"line":68,"column":5}}}},"branchMap":{"0":{"loc":{"start":{"line":14,"column":8},"end":{"line":16,"column":null}},"type":"if","locations":[{"start":{"line":14,"column":8},"end":{"line":16,"column":null}}]},"1":{"loc":{"start":{"line":25,"column":8},"end":{"line":25,"column":60}},"type":"cond-expr","locations":[{"start":{"line":25,"column":27},"end":{"line":25,"column":50}},{"start":{"line":25,"column":53},"end":{"line":25,"column":60}}]},"2":{"loc":{"start":{"line":26,"column":8},"end":{"line":26,"column":62}},"type":"cond-expr","locations":[{"start":{"line":26,"column":27},"end":{"line":26,"column":50}},{"start":{"line":26,"column":53},"end":{"line":26,"column":62}}]},"3":{"loc":{"start":{"line":30,"column":8},"end":{"line":67,"column":null}},"type":"if","locations":[{"start":{"line":30,"column":8},"end":{"line":67,"column":null}},{"start":{"line":58,"column":12},"end":{"line":67,"column":null}}]},"4":{"loc":{"start":{"line":31,"column":12},"end":{"line":33,"column":58}},"type":"binary-expr","locations":[{"start":{"line":31,"column":12},"end":{"line":31,"column":30}},{"start":{"line":32,"column":12},"end":{"line":32,"column":48}},{"start":{"line":33,"column":12},"end":{"line":33,"column":58}}]},"5":{"loc":{"start":{"line":44,"column":16},"end":{"line":46,"column":null}},"type":"if","locations":[{"start":{"line":44,"column":16},"end":{"line":46,"column":null}}]},"6":{"loc":{"start":{"line":49,"column":12},"end":{"line":54,"column":null}},"type":"if","locations":[{"start":{"line":49,"column":12},"end":{"line":54,"column":null}}]},"7":{"loc":{"start":{"line":49,"column":16},"end":{"line":49,"column":98}},"type":"binary-expr","locations":[{"start":{"line":49,"column":16},"end":{"line":49,"column":35}},{"start":{"line":49,"column":39},"end":{"line":49,"column":49}},{"start":{"line":49,"column":54},"end":{"line":49,"column":98}}]},"8":{"loc":{"start":{"line":50,"column":16},"end":{"line":52,"column":null}},"type":"if","locations":[{"start":{"line":50,"column":16},"end":{"line":52,"column":null}}]},"9":{"loc":{"start":{"line":61,"column":12},"end":{"line":66,"column":null}},"type":"if","locations":[{"start":{"line":61,"column":12},"end":{"line":66,"column":null}},{"start":{"line":64,"column":17},"end":{"line":66,"column":null}}]},"10":{"loc":{"start":{"line":64,"column":17},"end":{"line":66,"column":null}},"type":"if","locations":[{"start":{"line":64,"column":17},"end":{"line":66,"column":null}}]}},"s":{"0":1,"1":1,"2":1,"3":4,"4":4,"5":4,"6":4,"7":3,"8":3,"9":3,"10":3,"11":3,"12":0,"13":0,"14":0,"15":0,"16":0,"17":0,"18":0,"19":0,"20":0,"21":0,"22":0,"23":3,"24":3,"25":0,"26":3,"27":3,"28":1},"f":{"0":4,"1":3},"b":{"0":[4],"1":[0,3],"2":[0,3],"3":[0,3],"4":[3,0,0],"5":[0],"6":[0],"7":[0,0,0],"8":[0],"9":[0,3],"10":[3]}}
,"/home/izkeas/Projects/web/web-generator/lib/generator/src/attributes/RandomRangeAttribute.ts": {"path":"/home/izkeas/Projects/web/web-generator/lib/generator/src/attributes/RandomRangeAttribute.ts","statementMap":{"0":{"start":{"line":1,"column":0},"end":{"line":1,"column":55}},"1":{"start":{"line":3,"column":0},"end":{"line":3,"column":49}},"2":{"start":{"line":8,"column":8},"end":{"line":8,"column":38}},"3":{"start":{"line":14,"column":8},"end":{"line":16,"column":10}},"4":{"start":{"line":6,"column":0},"end":{"line":6,"column":21}}},"fnMap":{"0":{"name":"(anonymous_1)","decl":{"start":{"line":7,"column":4},"end":{"line":7,"column":16}},"loc":{"start":{"line":7,"column":72},"end":{"line":9,"column":5}}},"1":{"name":"(anonymous_2)","decl":{"start":{"line":11,"column":4},"end":{"line":11,"column":12}},"loc":{"start":{"line":11,"column":12},"end":{"line":17,"column":5}}}},"branchMap":{},"s":{"0":1,"1":1,"2":4,"3":3,"4":1},"f":{"0":4,"1":3},"b":{}}
,"/home/izkeas/Projects/web/web-generator/lib/generator/src/attributes/RandomWeightAttribute.ts": {"path":"/home/izkeas/Projects/web/web-generator/lib/generator/src/attributes/RandomWeightAttribute.ts","statementMap":{"0":{"start":{"line":1,"column":0},"end":{"line":1,"column":70}},"1":{"start":{"line":7,"column":8},"end":{"line":7,"column":38}},"2":{"start":{"line":12,"column":27},"end":{"line":12,"column":57}},"3":{"start":{"line":13,"column":30},"end":{"line":13,"column":59}},"4":{"start":{"line":15,"column":8},"end":{"line":30,"column":null}},"5":{"start":{"line":16,"column":30},"end":{"line":16,"column":111}},"6":{"start":{"line":17,"column":30},"end":{"line":17,"column":103}},"7":{"start":{"line":18,"column":30},"end":{"line":18,"column":103}},"8":{"start":{"line":20,"column":32},"end":{"line":20,"column":33}},"9":{"start":{"line":21,"column":12},"end":{"line":27,"column":null}},"10":{"start":{"line":22,"column":16},"end":{"line":22,"column":null}},"11":{"start":{"line":23,"column":16},"end":{"line":23,"column":null}},"12":{"start":{"line":25,"column":17},"end":{"line":27,"column":null}},"13":{"start":{"line":26,"column":16},"end":{"line":26,"column":null}},"14":{"start":{"line":29,"column":12},"end":{"line":29,"column":39}},"15":{"start":{"line":5,"column":0},"end":{"line":5,"column":21}}},"fnMap":{"0":{"name":"(anonymous_1)","decl":{"start":{"line":6,"column":4},"end":{"line":6,"column":16}},"loc":{"start":{"line":6,"column":73},"end":{"line":8,"column":5}}},"1":{"name":"(anonymous_2)","decl":{"start":{"line":10,"column":4},"end":{"line":10,"column":12}},"loc":{"start":{"line":10,"column":12},"end":{"line":31,"column":5}}}},"branchMap":{"0":{"loc":{"start":{"line":15,"column":8},"end":{"line":30,"column":null}},"type":"if","locations":[{"start":{"line":15,"column":8},"end":{"line":30,"column":null}}]},"1":{"loc":{"start":{"line":16,"column":30},"end":{"line":16,"column":111}},"type":"cond-expr","locations":[{"start":{"line":16,"column":58},"end":{"line":16,"column":92}},{"start":{"line":16,"column":102},"end":{"line":16,"column":111}}]},"2":{"loc":{"start":{"line":17,"column":30},"end":{"line":17,"column":103}},"type":"cond-expr","locations":[{"start":{"line":17,"column":58},"end":{"line":17,"column":94}},{"start":{"line":17,"column":102},"end":{"line":17,"column":103}}]},"3":{"loc":{"start":{"line":18,"column":30},"end":{"line":18,"column":103}},"type":"cond-expr","locations":[{"start":{"line":18,"column":58},"end":{"line":18,"column":97}},{"start":{"line":18,"column":102},"end":{"line":18,"column":103}}]},"4":{"loc":{"start":{"line":21,"column":12},"end":{"line":27,"column":null}},"type":"if","locations":[{"start":{"line":21,"column":12},"end":{"line":27,"column":null}},{"start":{"line":25,"column":17},"end":{"line":27,"column":null}}]},"5":{"loc":{"start":{"line":25,"column":17},"end":{"line":27,"column":null}},"type":"if","locations":[{"start":{"line":25,"column":17},"end":{"line":27,"column":null}}]}},"s":{"0":1,"1":0,"2":0,"3":0,"4":0,"5":0,"6":0,"7":0,"8":0,"9":0,"10":0,"11":0,"12":0,"13":0,"14":0,"15":1},"f":{"0":0,"1":0},"b":{"0":[0],"1":[0,0],"2":[0,0],"3":[0,0],"4":[0,0],"5":[0]}}
,"/home/izkeas/Projects/web/web-generator/lib/generator/test/mockData/mockBaseCharacter.ts": {"path":"/home/izkeas/Projects/web/web-generator/lib/generator/test/mockData/mockBaseCharacter.ts","statementMap":{"0":{"start":{"line":3,"column":0},"end":{"line":3,"column":19}},"1":{"start":{"line":5,"column":37},"end":{"line":6,"column":null}},"2":{"start":{"line":9,"column":0},"end":{"line":9,"column":24}}},"fnMap":{},"branchMap":{},"s":{"0":2,"1":2,"2":2},"f":{},"b":{}}
}
