TN:
SF:src/Character.ts
FN:54,jsonBaseAttrReplacer
FN:57,(anonymous_2)
FN:79,(anonymous_3)
FN:92,(anonymous_4)
FN:96,(anonymous_5)
FN:195,(anonymous_6)
FN:221,(anonymous_7)
FN:235,(anonymous_8)
FN:249,(anonymous_9)
FNF:9
FNH:7
FNDA:7,jsonBaseAttrReplacer
FNDA:118,(anonymous_2)
FNDA:4,(anonymous_3)
FNDA:0,(anonymous_4)
FNDA:4,(anonymous_5)
FNDA:4,(anonymous_6)
FNDA:3,(anonymous_7)
FNDA:8,(anonymous_8)
FNDA:0,(anonymous_9)
DA:2,1
DA:5,1
DA:6,1
DA:54,1
DA:55,7
DA:57,7
DA:58,118
DA:59,77
DA:60,14
DA:63,63
DA:64,14
DA:67,49
DA:69,90
DA:76,1
DA:82,4
DA:87,4
DA:88,4
DA:93,0
DA:97,4
DA:98,4
DA:99,4
DA:100,4
DA:101,4
DA:102,4
DA:103,4
DA:105,4
DA:109,1
DA:111,1
DA:112,0
DA:118,1
DA:119,1
DA:120,0
DA:126,1
DA:127,1
DA:129,1
DA:130,1
DA:132,1
DA:139,0
DA:141,0
DA:142,0
DA:147,0
DA:148,0
DA:149,0
DA:151,0
DA:160,0
DA:162,0
DA:163,0
DA:165,0
DA:175,3
DA:176,1
DA:177,1
DA:178,1
DA:180,1
DA:189,2
DA:196,4
DA:197,4
DA:198,4
DA:200,4
DA:202,4
DA:204,4
DA:206,4
DA:209,4
DA:210,8
DA:212,8
DA:214,8
DA:215,8
DA:222,3
DA:224,3
DA:225,3
DA:228,3
DA:229,6
DA:230,6
DA:237,8
DA:238,7
DA:243,1
DA:250,0
LF:76
LH:61
BRDA:58,0,0,77
BRDA:58,1,0,118
BRDA:58,1,1,77
BRDA:59,2,0,14
BRDA:63,3,0,14
BRDA:87,4,0,4
BRDA:105,5,0,1
BRDA:106,6,0,4
BRDA:106,6,1,2
BRDA:111,7,0,0
BRDA:119,8,0,0
BRDA:126,9,0,1
BRDA:126,10,0,1
BRDA:126,10,1,1
BRDA:139,11,0,0
BRDA:141,12,0,0
BRDA:141,12,1,0
BRDA:142,13,0,0
BRDA:143,14,0,0
BRDA:143,14,1,0
BRDA:143,14,2,0
BRDA:175,15,0,1
BRDA:214,16,0,8
BRDA:235,17,0,0
BRDA:237,18,0,7
BRDA:237,18,1,1
BRF:26
BRH:16
end_of_record
TN:
SF:src/CharacterBase.ts
FN:96,(anonymous_1)
FN:112,(anonymous_2)
FN:116,(anonymous_3)
FN:122,(anonymous_4)
FN:132,(anonymous_5)
FN:173,(anonymous_6)
FNF:6
FNH:5
FNDA:4,(anonymous_1)
FNDA:0,(anonymous_2)
FNDA:1,(anonymous_3)
FNDA:4,(anonymous_4)
FNDA:4,(anonymous_5)
FNDA:12,(anonymous_6)
DA:1,2
DA:2,2
DA:4,2
DA:93,2
DA:97,4
DA:102,4
DA:103,0
DA:106,4
DA:107,0
DA:113,0
DA:117,1
DA:118,1
DA:119,1
DA:123,4
DA:125,4
DA:126,4
DA:129,4
DA:133,4
DA:134,0
DA:140,4
DA:141,0
DA:147,4
DA:148,0
DA:154,4
DA:157,4
DA:158,4
DA:161,4
DA:162,8
DA:163,8
DA:165,8
DA:166,4
DA:169,4
DA:170,4
DA:171,12
DA:173,12
DA:174,0
DA:180,12
DA:186,4
DA:187,0
DA:193,4
DA:194,0
DA:203,4
LF:42
LH:33
BRDA:96,0,0,4
BRDA:102,1,0,0
BRDA:106,2,0,0
BRDA:125,3,0,4
BRDA:133,4,0,0
BRDA:140,5,0,0
BRDA:147,6,0,0
BRDA:165,7,0,4
BRDA:169,8,0,4
BRDA:173,9,0,0
BRDA:186,10,0,0
BRDA:186,10,1,4
BRDA:193,11,0,0
BRF:13
BRH:5
end_of_record
TN:
SF:src/Choice.ts
FN:1,randomChoice
FN:5,multRandomChoice
FNF:2
FNH:2
FNDA:3,randomChoice
FNDA:3,multRandomChoice
DA:1,1
DA:2,3
DA:5,1
DA:6,3
DA:7,3
DA:9,3
DA:10,3
DA:12,3
DA:13,3
DA:14,3
DA:15,0
DA:16,0
DA:20,3
LF:13
LH:11
BRDA:5,0,0,0
BRDA:5,1,0,3
BRDA:12,2,0,3
BRDA:13,3,0,3
BRDA:13,3,1,0
BRDA:13,4,0,3
BRDA:13,4,1,3
BRDA:15,5,0,0
BRF:8
BRH:5
end_of_record
TN:
SF:src/CreatePatch.ts
FN:6,createPatch
FNF:1
FNH:1
FNDA:2,createPatch
DA:4,1
DA:6,1
DA:7,2
DA:12,2
DA:13,2
DA:14,2
DA:16,2
DA:17,0
DA:20,2
DA:21,4
DA:22,4
DA:24,4
DA:25,0
DA:28,4
DA:29,3
DA:30,2
DA:33,3
DA:38,2
LF:18
LH:16
BRDA:16,0,0,0
BRDA:24,1,0,0
BRDA:28,2,0,3
BRDA:29,3,0,2
BRF:4
BRH:2
end_of_record
TN:
SF:src/NumberGenerator.ts
FN:2,(anonymous_0)
FN:6,(anonymous_1)
FN:10,(anonymous_2)
FN:14,(anonymous_3)
FNF:4
FNH:2
FNDA:3,(anonymous_0)
FNDA:3,(anonymous_1)
FNDA:0,(anonymous_2)
FNDA:0,(anonymous_3)
DA:1,1
DA:3,3
DA:7,3
DA:11,0
DA:15,0
DA:16,0
DA:17,0
DA:18,0
LF:8
LH:3
BRF:0
BRH:0
end_of_record
TN:
SF:src/Utils.ts
FN:2,ArrayContains
FN:13,clamp
FN:34,getCircularReplacer
FN:37,(anonymous_3)
FNF:4
FNH:3
FNDA:3,ArrayContains
FNDA:0,clamp
FNDA:1,getCircularReplacer
FNDA:26,(anonymous_3)
DA:2,1
DA:4,3
DA:5,4
DA:6,3
DA:10,0
DA:13,1
DA:15,0
DA:16,0
DA:19,0
DA:20,0
DA:23,0
DA:34,1
DA:35,1
DA:37,1
DA:38,26
DA:39,12
DA:40,2
DA:42,10
DA:44,24
LF:19
LH:13
BRDA:5,0,0,3
BRDA:15,1,0,0
BRDA:19,2,0,0
BRDA:38,3,0,12
BRDA:38,4,0,26
BRDA:38,4,1,12
BRDA:39,5,0,2
BRF:7
BRH:5
end_of_record
TN:
SF:src/attributes/Attribute.ts
FN:16,(anonymous_0)
FN:35,(anonymous_1)
FN:44,(anonymous_2)
FN:80,(anonymous_3)
FNF:4
FNH:2
FNDA:2,(anonymous_0)
FNDA:8,(anonymous_1)
FNDA:0,(anonymous_2)
FNDA:0,(anonymous_3)
DA:16,2
DA:17,2
DA:18,2
DA:19,2
DA:20,2
DA:21,2
DA:32,2
DA:36,8
DA:37,8
DA:38,8
DA:39,8
DA:45,0
DA:46,0
DA:48,0
DA:49,0
DA:51,0
DA:53,0
DA:55,0
DA:56,0
DA:57,0
DA:59,0
DA:60,0
DA:61,0
DA:62,0
DA:65,0
DA:66,0
DA:67,0
DA:68,0
DA:72,0
DA:75,0
DA:76,0
DA:81,0
DA:83,0
DA:84,0
DA:86,0
DA:87,0
DA:88,0
DA:90,0
DA:91,0
DA:94,0
DA:96,0
DA:97,0
DA:101,0
LF:43
LH:11
BRDA:16,0,0,2
BRDA:16,0,1,2
BRDA:45,1,0,0
BRDA:45,1,1,0
BRDA:48,2,0,0
BRDA:48,2,1,0
BRDA:51,3,0,0
BRDA:53,4,0,0
BRDA:53,4,1,0
BRDA:59,5,0,0
BRDA:59,5,1,0
BRDA:61,6,0,0
BRDA:65,7,0,0
BRDA:67,8,0,0
BRDA:75,9,0,0
BRDA:81,10,0,0
BRDA:83,11,0,0
BRDA:83,11,1,0
BRDA:87,12,0,0
BRDA:87,12,1,0
BRDA:90,13,0,0
BRDA:96,14,0,0
BRF:22
BRH:2
end_of_record
TN:
SF:src/attributes/AttributeWrapper.ts
FN:14,AttributeFactory
FNF:1
FNH:1
FNDA:8,AttributeFactory
DA:4,1
DA:5,1
DA:6,1
DA:7,1
DA:8,1
DA:9,1
DA:14,1
DA:15,8
DA:17,4
DA:20,0
DA:23,0
DA:26,4
DA:29,0
DA:32,0
LF:14
LH:10
BRDA:15,0,0,4
BRDA:15,0,1,0
BRDA:15,0,2,0
BRDA:15,0,3,4
BRDA:15,0,4,0
BRDA:15,0,5,0
BRF:6
BRH:2
end_of_record
TN:
SF:src/attributes/NameGeneratorAttribute.ts
FN:6,(anonymous_1)
FN:10,(anonymous_2)
FNF:2
FNH:0
FNDA:0,(anonymous_1)
FNDA:0,(anonymous_2)
DA:1,1
DA:5,1
DA:7,0
DA:11,0
DA:12,0
DA:13,0
DA:15,0
DA:16,0
DA:19,0
DA:21,0
DA:22,0
DA:25,0
DA:26,0
DA:27,0
DA:29,0
DA:31,0
DA:32,0
DA:33,0
DA:37,0
DA:42,0
DA:43,0
DA:45,0
DA:49,0
DA:50,0
DA:52,0
DA:56,0
DA:57,0
LF:27
LH:2
BRDA:15,0,0,0
BRDA:21,1,0,0
BRDA:31,2,0,0
BRDA:32,3,0,0
BRDA:37,4,0,0
BRDA:37,4,1,0
BRDA:38,5,0,0
BRDA:38,5,1,0
BRDA:38,5,2,0
BRDA:45,6,0,0
BRDA:45,6,1,0
BRDA:46,7,0,0
BRDA:46,7,1,0
BRDA:52,8,0,0
BRDA:53,9,0,0
BRDA:53,9,1,0
BRF:16
BRH:0
end_of_record
TN:
SF:src/attributes/NormalDistributionAttribute.ts
FN:8,(anonymous_7)
FN:12,(anonymous_8)
FNF:2
FNH:0
FNDA:0,(anonymous_7)
FNDA:0,(anonymous_8)
DA:1,1
DA:3,1
DA:4,1
DA:7,1
DA:9,0
DA:14,0
DA:15,0
DA:17,0
DA:18,0
DA:21,0
DA:23,0
DA:24,0
DA:29,0
DA:30,0
DA:35,0
DA:36,0
DA:38,0
DA:40,0
DA:42,0
DA:45,0
DA:47,0
LF:21
LH:4
BRDA:17,0,0,0
BRDA:23,1,0,0
BRDA:23,2,0,0
BRDA:23,2,1,0
BRDA:29,3,0,0
BRDA:29,4,0,0
BRDA:29,4,1,0
BRDA:35,5,0,0
BRDA:35,6,0,0
BRDA:35,6,1,0
BRDA:38,7,0,0
BRDA:38,8,0,0
BRDA:38,8,1,0
BRF:13
BRH:0
end_of_record
TN:
SF:src/attributes/RandomChoiceAttribute.ts
FN:11,(anonymous_1)
FN:19,(anonymous_2)
FNF:2
FNH:2
FNDA:4,(anonymous_1)
FNDA:3,(anonymous_2)
DA:1,1
DA:3,1
DA:4,1
DA:8,1
DA:12,4
DA:13,4
DA:14,4
DA:15,4
DA:20,3
DA:25,3
DA:26,3
DA:28,3
DA:30,3
DA:36,0
DA:38,0
DA:39,0
DA:40,0
DA:41,0
DA:44,0
DA:45,0
DA:49,0
DA:50,0
DA:51,0
DA:53,0
DA:59,3
DA:61,3
DA:62,0
DA:64,3
DA:65,3
LF:29
LH:17
BRDA:14,0,0,4
BRDA:25,1,0,0
BRDA:25,1,1,3
BRDA:26,2,0,0
BRDA:26,2,1,3
BRDA:30,3,0,0
BRDA:30,3,1,3
BRDA:31,4,0,3
BRDA:31,4,1,0
BRDA:31,4,2,0
BRDA:44,5,0,0
BRDA:49,6,0,0
BRDA:49,7,0,0
BRDA:49,7,1,0
BRDA:49,7,2,0
BRDA:50,8,0,0
BRDA:61,9,0,0
BRDA:61,9,1,3
BRDA:64,10,0,3
BRF:19
BRH:7
end_of_record
TN:
SF:src/attributes/RandomRangeAttribute.ts
FN:7,(anonymous_1)
FN:11,(anonymous_2)
FNF:2
FNH:2
FNDA:4,(anonymous_1)
FNDA:3,(anonymous_2)
DA:1,1
DA:3,1
DA:6,1
DA:8,4
DA:14,3
LF:5
LH:5
BRF:0
BRH:0
end_of_record
TN:
SF:src/attributes/RandomWeightAttribute.ts
FN:6,(anonymous_1)
FN:10,(anonymous_2)
FNF:2
FNH:0
FNDA:0,(anonymous_1)
FNDA:0,(anonymous_2)
DA:1,1
DA:5,1
DA:7,0
DA:12,0
DA:13,0
DA:15,0
DA:16,0
DA:17,0
DA:18,0
DA:20,0
DA:21,0
DA:22,0
DA:23,0
DA:25,0
DA:26,0
DA:29,0
LF:16
LH:2
BRDA:15,0,0,0
BRDA:16,1,0,0
BRDA:16,1,1,0
BRDA:17,2,0,0
BRDA:17,2,1,0
BRDA:18,3,0,0
BRDA:18,3,1,0
BRDA:21,4,0,0
BRDA:21,4,1,0
BRDA:25,5,0,0
BRF:10
BRH:0
end_of_record
TN:
SF:test/mockData/mockBaseCharacter.ts
FNF:0
FNH:0
DA:3,2
DA:5,2
DA:9,2
LF:3
LH:3
BRF:0
BRH:0
end_of_record
